2025-04-22 22:16:54,199 INFO  [restartedMain] com.tpe.SpringBootIntroApplication:Starting SpringBootIntroApplication using Java 17.0.8 on Mahmut with PID 1964 (C:\Users\mahmu\Downloads\SpringBootIntro\SpringBootIntro\target\classes started by mahmu in C:\Users\mahmu\Downloads\SpringBootIntro\SpringBootIntro)
2025-04-22 22:16:54,213 INFO  [restartedMain] com.tpe.SpringBootIntroApplication:No active profile set, falling back to 1 default profile: "default"
2025-04-22 22:16:54,322 INFO  [restartedMain] org.springframework.boot.devtools.env.DevToolsPropertyDefaultsPostProcessor:Devtools property defaults active! Set 'spring.devtools.add-properties' to 'false' to disable
2025-04-22 22:16:54,323 INFO  [restartedMain] org.springframework.boot.devtools.env.DevToolsPropertyDefaultsPostProcessor:For additional web related logging consider setting the 'logging.level.web' property to 'DEBUG'
2025-04-22 22:16:55,963 INFO  [restartedMain] org.springframework.data.repository.config.RepositoryConfigurationDelegate:Bootstrapping Spring Data JPA repositories in DEFAULT mode.
2025-04-22 22:16:56,100 INFO  [restartedMain] org.springframework.data.repository.config.RepositoryConfigurationDelegate:Finished Spring Data repository scanning in 120 ms. Found 3 JPA repository interfaces.
2025-04-22 22:16:57,720 INFO  [restartedMain] org.springframework.boot.web.embedded.tomcat.TomcatWebServer:Tomcat initialized with port(s): 8080 (http)
2025-04-22 22:16:57,744 INFO  [restartedMain] org.apache.catalina.core.StandardService:Starting service [Tomcat]
2025-04-22 22:16:57,745 INFO  [restartedMain] org.apache.catalina.core.StandardEngine:Starting Servlet engine: [Apache Tomcat/9.0.75]
2025-04-22 22:16:57,959 INFO  [restartedMain] org.apache.catalina.core.ContainerBase.[Tomcat].[localhost].[/]:Initializing Spring embedded WebApplicationContext
2025-04-22 22:16:57,959 INFO  [restartedMain] org.springframework.boot.web.servlet.context.ServletWebServerApplicationContext:Root WebApplicationContext: initialization completed in 3633 ms
2025-04-22 22:16:58,711 INFO  [restartedMain] org.hibernate.jpa.internal.util.LogHelper:HHH000204: Processing PersistenceUnitInfo [name: default]
2025-04-22 22:16:58,948 INFO  [restartedMain] org.hibernate.Version:HHH000412: Hibernate ORM core version 5.6.15.Final
2025-04-22 22:16:59,539 INFO  [restartedMain] org.hibernate.annotations.common.Version:HCANN000001: Hibernate Commons Annotations {5.1.2.Final}
2025-04-22 22:16:59,819 INFO  [restartedMain] com.zaxxer.hikari.HikariDataSource:HikariPool-1 - Starting...
2025-04-22 22:17:00,285 INFO  [restartedMain] com.zaxxer.hikari.HikariDataSource:HikariPool-1 - Start completed.
2025-04-22 22:17:00,325 INFO  [restartedMain] org.hibernate.dialect.Dialect:HHH000400: Using dialect: org.hibernate.dialect.PostgreSQL9Dialect
2025-04-22 22:17:02,002 WARN  [restartedMain] org.hibernate.engine.jdbc.spi.SqlExceptionHelper:SQL Warning Code: 0, SQLState: 00000
2025-04-22 22:17:02,003 WARN  [restartedMain] org.hibernate.engine.jdbc.spi.SqlExceptionHelper:Constraint »uk_b5q5wl2w4kiod1gyimirwmfse« von Relation »t_user« existiert nicht, wird übersprungen
2025-04-22 22:17:02,078 INFO  [restartedMain] org.hibernate.engine.transaction.jta.platform.internal.JtaPlatformInitiator:HHH000490: Using JtaPlatform implementation: [org.hibernate.engine.transaction.jta.platform.internal.NoJtaPlatform]
2025-04-22 22:17:02,094 INFO  [restartedMain] org.springframework.orm.jpa.LocalContainerEntityManagerFactoryBean:Initialized JPA EntityManagerFactory for persistence unit 'default'
2025-04-22 22:17:03,787 INFO  [restartedMain] org.springframework.security.web.DefaultSecurityFilterChain:Will secure any request with [org.springframework.security.web.session.DisableEncodeUrlFilter@3aa57ac8, org.springframework.security.web.context.request.async.WebAsyncManagerIntegrationFilter@56d40690, org.springframework.security.web.context.SecurityContextPersistenceFilter@3181a989, org.springframework.security.web.header.HeaderWriterFilter@74647be9, org.springframework.security.web.authentication.logout.LogoutFilter@1be0099b, org.springframework.security.web.authentication.www.BasicAuthenticationFilter@3daa26fa, org.springframework.security.web.savedrequest.RequestCacheAwareFilter@5b1d00e2, org.springframework.security.web.servletapi.SecurityContextHolderAwareRequestFilter@45043e0c, org.springframework.security.web.authentication.AnonymousAuthenticationFilter@649a3716, org.springframework.security.web.session.SessionManagementFilter@57901320, org.springframework.security.web.access.ExceptionTranslationFilter@3575cfda, org.springframework.security.web.access.intercept.FilterSecurityInterceptor@1ca718c6]
2025-04-22 22:17:03,928 WARN  [restartedMain] org.springframework.boot.autoconfigure.orm.jpa.JpaBaseConfiguration$JpaWebConfiguration:spring.jpa.open-in-view is enabled by default. Therefore, database queries may be performed during view rendering. Explicitly configure spring.jpa.open-in-view to disable this warning
2025-04-22 22:17:05,266 INFO  [restartedMain] org.springframework.boot.devtools.autoconfigure.OptionalLiveReloadServer:LiveReload server is running on port 35729
2025-04-22 22:17:05,281 INFO  [restartedMain] org.springframework.boot.actuate.endpoint.web.EndpointLinksResolver:Exposing 6 endpoint(s) beneath base path '/actuator'
2025-04-22 22:17:05,441 INFO  [restartedMain] org.springframework.boot.web.embedded.tomcat.TomcatWebServer:Tomcat started on port(s): 8080 (http) with context path ''
2025-04-22 22:17:05,478 INFO  [restartedMain] com.tpe.SpringBootIntroApplication:Started SpringBootIntroApplication in 12.29 seconds (JVM running for 13.443)
2025-04-22 22:19:26,160 INFO  [SpringApplicationShutdownHook] org.springframework.orm.jpa.LocalContainerEntityManagerFactoryBean:Closing JPA EntityManagerFactory for persistence unit 'default'
2025-04-22 22:19:26,170 INFO  [SpringApplicationShutdownHook] com.zaxxer.hikari.HikariDataSource:HikariPool-1 - Shutdown initiated...
2025-04-22 22:19:26,178 INFO  [SpringApplicationShutdownHook] com.zaxxer.hikari.HikariDataSource:HikariPool-1 - Shutdown completed.
2025-04-22 22:21:13,234 INFO  [restartedMain] com.tpe.SpringBootIntroApplication:Starting SpringBootIntroApplication using Java 17.0.8 on Mahmut with PID 1200 (C:\Users\mahmu\Downloads\SpringBootIntro\SpringBootIntro\target\classes started by mahmu in C:\Users\mahmu\Downloads\SpringBootIntro\SpringBootIntro)
2025-04-22 22:21:13,236 INFO  [restartedMain] com.tpe.SpringBootIntroApplication:No active profile set, falling back to 1 default profile: "default"
2025-04-22 22:21:13,310 INFO  [restartedMain] org.springframework.boot.devtools.env.DevToolsPropertyDefaultsPostProcessor:Devtools property defaults active! Set 'spring.devtools.add-properties' to 'false' to disable
2025-04-22 22:21:13,310 INFO  [restartedMain] org.springframework.boot.devtools.env.DevToolsPropertyDefaultsPostProcessor:For additional web related logging consider setting the 'logging.level.web' property to 'DEBUG'
2025-04-22 22:21:15,066 INFO  [restartedMain] org.springframework.data.repository.config.RepositoryConfigurationDelegate:Bootstrapping Spring Data JPA repositories in DEFAULT mode.
2025-04-22 22:21:15,194 INFO  [restartedMain] org.springframework.data.repository.config.RepositoryConfigurationDelegate:Finished Spring Data repository scanning in 107 ms. Found 3 JPA repository interfaces.
2025-04-22 22:21:16,929 INFO  [restartedMain] org.springframework.boot.web.embedded.tomcat.TomcatWebServer:Tomcat initialized with port(s): 8080 (http)
2025-04-22 22:21:16,991 INFO  [restartedMain] org.apache.catalina.core.StandardService:Starting service [Tomcat]
2025-04-22 22:21:16,992 INFO  [restartedMain] org.apache.catalina.core.StandardEngine:Starting Servlet engine: [Apache Tomcat/9.0.75]
2025-04-22 22:21:17,185 INFO  [restartedMain] org.apache.catalina.core.ContainerBase.[Tomcat].[localhost].[/]:Initializing Spring embedded WebApplicationContext
2025-04-22 22:21:17,186 INFO  [restartedMain] org.springframework.boot.web.servlet.context.ServletWebServerApplicationContext:Root WebApplicationContext: initialization completed in 3875 ms
2025-04-22 22:21:18,315 INFO  [restartedMain] org.hibernate.jpa.internal.util.LogHelper:HHH000204: Processing PersistenceUnitInfo [name: default]
2025-04-22 22:21:18,417 INFO  [restartedMain] org.hibernate.Version:HHH000412: Hibernate ORM core version 5.6.15.Final
2025-04-22 22:21:18,699 INFO  [restartedMain] org.hibernate.annotations.common.Version:HCANN000001: Hibernate Commons Annotations {5.1.2.Final}
2025-04-22 22:21:18,858 INFO  [restartedMain] com.zaxxer.hikari.HikariDataSource:HikariPool-1 - Starting...
2025-04-22 22:21:19,120 INFO  [restartedMain] com.zaxxer.hikari.HikariDataSource:HikariPool-1 - Start completed.
2025-04-22 22:21:19,153 INFO  [restartedMain] org.hibernate.dialect.Dialect:HHH000400: Using dialect: org.hibernate.dialect.PostgreSQL9Dialect
2025-04-22 22:21:20,517 INFO  [restartedMain] org.hibernate.engine.transaction.jta.platform.internal.JtaPlatformInitiator:HHH000490: Using JtaPlatform implementation: [org.hibernate.engine.transaction.jta.platform.internal.NoJtaPlatform]
2025-04-22 22:21:20,527 INFO  [restartedMain] org.springframework.orm.jpa.LocalContainerEntityManagerFactoryBean:Initialized JPA EntityManagerFactory for persistence unit 'default'
2025-04-22 22:21:22,067 INFO  [restartedMain] org.springframework.security.web.DefaultSecurityFilterChain:Will secure any request with [org.springframework.security.web.session.DisableEncodeUrlFilter@4500565e, org.springframework.security.web.context.request.async.WebAsyncManagerIntegrationFilter@7a1fd969, org.springframework.security.web.context.SecurityContextPersistenceFilter@52eb2c59, org.springframework.security.web.header.HeaderWriterFilter@7199a644, org.springframework.security.web.authentication.logout.LogoutFilter@27bef4f6, org.springframework.security.web.authentication.www.BasicAuthenticationFilter@7299b720, org.springframework.security.web.savedrequest.RequestCacheAwareFilter@68c8f605, org.springframework.security.web.servletapi.SecurityContextHolderAwareRequestFilter@2d8be8ce, org.springframework.security.web.authentication.AnonymousAuthenticationFilter@7d5ba8e9, org.springframework.security.web.session.SessionManagementFilter@3246a3e6, org.springframework.security.web.access.ExceptionTranslationFilter@1ab9cae1, org.springframework.security.web.access.intercept.FilterSecurityInterceptor@1aed4f81]
2025-04-22 22:21:22,316 WARN  [restartedMain] org.springframework.boot.autoconfigure.orm.jpa.JpaBaseConfiguration$JpaWebConfiguration:spring.jpa.open-in-view is enabled by default. Therefore, database queries may be performed during view rendering. Explicitly configure spring.jpa.open-in-view to disable this warning
2025-04-22 22:21:23,980 INFO  [restartedMain] org.springframework.boot.devtools.autoconfigure.OptionalLiveReloadServer:LiveReload server is running on port 35729
2025-04-22 22:21:23,998 INFO  [restartedMain] org.springframework.boot.actuate.endpoint.web.EndpointLinksResolver:Exposing 6 endpoint(s) beneath base path '/actuator'
2025-04-22 22:21:24,181 INFO  [restartedMain] org.springframework.boot.web.embedded.tomcat.TomcatWebServer:Tomcat started on port(s): 8080 (http) with context path ''
2025-04-22 22:21:24,215 INFO  [restartedMain] com.tpe.SpringBootIntroApplication:Started SpringBootIntroApplication in 11.661 seconds (JVM running for 12.713)
2025-04-22 22:22:15,741 INFO  [http-nio-8080-exec-1] org.apache.catalina.core.ContainerBase.[Tomcat].[localhost].[/]:Initializing Spring DispatcherServlet 'dispatcherServlet'
2025-04-22 22:25:19,859 INFO  [SpringApplicationShutdownHook] org.springframework.orm.jpa.LocalContainerEntityManagerFactoryBean:Closing JPA EntityManagerFactory for persistence unit 'default'
2025-04-22 22:25:19,863 INFO  [SpringApplicationShutdownHook] com.zaxxer.hikari.HikariDataSource:HikariPool-1 - Shutdown initiated...
2025-04-22 22:25:19,867 INFO  [SpringApplicationShutdownHook] com.zaxxer.hikari.HikariDataSource:HikariPool-1 - Shutdown completed.
